

*******************************************************************************
Sat Sep 28 01:22:30 2024


FIT:    data read from "dataE_dtau.txt" u 1:2
        format = x:z
        x range restricted to [0.00100000 : 0.0100000]
        #datapoints = 12
        residuals are weighted equally (unit weight)

function used for fitting: f(x)
	f(x) = a*x**2 + c
fitted parameters initialized with current variable values

iter      chisq       delta/lim  lambda   a             c            
   0 3.9633302972e-01   0.00e+00  2.38e+01    1.000000e+00  -3.365000e+01
   3 1.9140263805e-01  -5.51e-02  2.38e-02    1.000975e+00  -3.351932e+01

After 3 iterations the fit converged.
final sum of squares of residuals : 0.191403
rel. change during last iteration : -5.51347e-07

degrees of freedom    (FIT_NDF)                        : 10
rms of residuals      (FIT_STDFIT) = sqrt(WSSR/ndf)    : 0.138348
variance of residuals (reduced chisquare) = WSSR/ndf   : 0.0191403

Final set of parameters            Asymptotic Standard Error
=======================            ==========================
a               = 1.00097          +/- 1106         (1.105e+05%)
c               = -33.5193         +/- 0.06001      (0.179%)

correlation matrix of the fit parameters:
                a      c      
a               1.000 
c              -0.746  1.000 


*******************************************************************************
Sat Sep 28 01:29:49 2024


FIT:    data read from "dataE_dtau.txt" u 1:2
        format = x:z
        x range restricted to [0.00100000 : 0.0100000]
        #datapoints = 12
        residuals are weighted equally (unit weight)

function used for fitting: f(x)
	f(x) = a*x**2 + + c
fitted parameters initialized with current variable values

iter      chisq       delta/lim  lambda   a             c            
   0 1.6408834518e-02   0.00e+00  2.38e+01    4.000000e+03  -3.365000e+01
   5 6.3393103528e-04  -1.01e-01  2.38e-04    3.492264e+03  -3.366072e+01

After 5 iterations the fit converged.
final sum of squares of residuals : 0.000633931
rel. change during last iteration : -1.00921e-06

degrees of freedom    (FIT_NDF)                        : 10
rms of residuals      (FIT_STDFIT) = sqrt(WSSR/ndf)    : 0.00796198
variance of residuals (reduced chisquare) = WSSR/ndf   : 6.33931e-05

Final set of parameters            Asymptotic Standard Error
=======================            ==========================
a               = 3492.26          +/- 63.64        (1.822%)
c               = -33.6607         +/- 0.003453     (0.01026%)

correlation matrix of the fit parameters:
                a      c      
a               1.000 
c              -0.746  1.000 
